[1m=== Reranking Scale Experiment ===[0m
Scales: 5
Results: /Users/kerrykurian/Desktop/Repos/spread/experiment/results/rerank-scale


[1m========================================[0m
[1m  Running rerank.sh --scale 5[0m
[1m========================================[0m

[1m=== Reranking Experiment (scale 5) ===[0m
Embedding model: nomic-embed-text
Distance threshold: 0.5
RRF k: 60
Rerank model: gemma3:1b
RRF candidates for reranking: 20
Corpus scale: 5

[1mPhase 1: Seeding corpus (scale 5)...[0m
[1mInitializing database at /var/folders/_s/l40077nx3d3bv8127rcpwbjm0000gn/T/tmp.earzDxELlt/experiment.db[0m

[1mSeeding base entries (scale 5)...[0m
  [  1/120] entry #1 (cluster 1)
  [  2/120] entry #2 (cluster 1)
  [  3/120] entry #3 (cluster 1)
  [  4/120] entry #4 (cluster 1)
  [  5/120] entry #5 (cluster 1)
  [  6/120] entry #6 (cluster 1)
  [  7/120] entry #7 (cluster 1)
  [  8/120] entry #8 (cluster 1)
  [  9/120] entry #9 (cluster 1)
  [ 10/120] entry #10 (cluster 1)
  [ 11/120] entry #11 (cluster 2)
  [ 12/120] entry #12 (cluster 2)
  [ 13/120] entry #13 (cluster 2)
  [ 14/120] entry #14 (cluster 2)
  [ 15/120] entry #15 (cluster 2)
  [ 16/120] entry #16 (cluster 2)
  [ 17/120] entry #17 (cluster 2)
  [ 18/120] entry #18 (cluster 2)
  [ 19/120] entry #19 (cluster 2)
  [ 20/120] entry #20 (cluster 2)
  [ 21/120] entry #21 (cluster 3)
  [ 22/120] entry #22 (cluster 3)
  [ 23/120] entry #23 (cluster 3)
  [ 24/120] entry #24 (cluster 3)
  [ 25/120] entry #25 (cluster 3)
  [ 26/120] entry #26 (cluster 3)
  [ 27/120] entry #27 (cluster 3)
  [ 28/120] entry #28 (cluster 3)
  [ 29/120] entry #29 (cluster 3)
  [ 30/120] entry #30 (cluster 3)
  [ 31/120] entry #31 (cluster 4)
  [ 32/120] entry #32 (cluster 4)
  [ 33/120] entry #33 (cluster 4)
  [ 34/120] entry #34 (cluster 4)
  [ 35/120] entry #35 (cluster 4)
  [ 36/120] entry #36 (cluster 4)
  [ 37/120] entry #37 (cluster 4)
  [ 38/120] entry #38 (cluster 4)
  [ 39/120] entry #39 (cluster 4)
  [ 40/120] entry #40 (cluster 4)
  [ 41/120] entry #41 (cluster 5)
  [ 42/120] entry #42 (cluster 5)
  [ 43/120] entry #43 (cluster 5)
  [ 44/120] entry #44 (cluster 5)
  [ 45/120] entry #45 (cluster 5)
  [ 46/120] entry #46 (cluster 5)
  [ 47/120] entry #47 (cluster 5)
  [ 48/120] entry #48 (cluster 5)
  [ 49/120] entry #49 (cluster 5)
  [ 50/120] entry #50 (cluster 5)
  [ 51/120] entry #51 (cluster 6)
  [ 52/120] entry #52 (cluster 6)
  [ 53/120] entry #53 (cluster 6)
  [ 54/120] entry #54 (cluster 6)
  [ 55/120] entry #55 (cluster 6)
  [ 56/120] entry #56 (cluster 6)
  [ 57/120] entry #57 (cluster 6)
  [ 58/120] entry #58 (cluster 6)
  [ 59/120] entry #59 (cluster 6)
  [ 60/120] entry #60 (cluster 6)
  [ 61/120] entry #61 (cluster 7)
  [ 62/120] entry #62 (cluster 7)
  [ 63/120] entry #63 (cluster 7)
  [ 64/120] entry #64 (cluster 7)
  [ 65/120] entry #65 (cluster 7)
  [ 66/120] entry #66 (cluster 7)
  [ 67/120] entry #67 (cluster 7)
  [ 68/120] entry #68 (cluster 7)
  [ 69/120] entry #69 (cluster 7)
  [ 70/120] entry #70 (cluster 7)
  [ 71/120] entry #71 (cluster 8)
  [ 72/120] entry #72 (cluster 8)
  [ 73/120] entry #73 (cluster 8)
  [ 74/120] entry #74 (cluster 8)
  [ 75/120] entry #75 (cluster 8)
  [ 76/120] entry #76 (cluster 8)
  [ 77/120] entry #77 (cluster 8)
  [ 78/120] entry #78 (cluster 8)
  [ 79/120] entry #79 (cluster 8)
  [ 80/120] entry #80 (cluster 8)
  [ 81/120] entry #81 (cluster 9)
  [ 82/120] entry #82 (cluster 9)
  [ 83/120] entry #83 (cluster 9)
  [ 84/120] entry #84 (cluster 9)
  [ 85/120] entry #85 (cluster 9)
  [ 86/120] entry #86 (cluster 9)
  [ 87/120] entry #87 (cluster 9)
  [ 88/120] entry #88 (cluster 9)
  [ 89/120] entry #89 (cluster 9)
  [ 90/120] entry #90 (cluster 9)
  [ 91/120] entry #91 (cluster 10)
  [ 92/120] entry #92 (cluster 10)
  [ 93/120] entry #93 (cluster 10)
  [ 94/120] entry #94 (cluster 10)
  [ 95/120] entry #95 (cluster 10)
  [ 96/120] entry #96 (cluster 10)
  [ 97/120] entry #97 (cluster 10)
  [ 98/120] entry #98 (cluster 10)
  [ 99/120] entry #99 (cluster 10)
  [100/120] entry #100 (cluster 10)
  [101/120] entry #101 (cluster 0)
  [102/120] entry #102 (cluster 0)
  [103/120] entry #103 (cluster 0)
  [104/120] entry #104 (cluster 0)
  [105/120] entry #105 (cluster 0)
  [106/120] entry #106 (cluster 0)
  [107/120] entry #107 (cluster 0)
  [108/120] entry #108 (cluster 0)
  [109/120] entry #109 (cluster 0)
  [110/120] entry #110 (cluster 0)
  [111/120] entry #111 (cluster 0)
  [112/120] entry #112 (cluster 0)
  [113/120] entry #113 (cluster 0)
  [114/120] entry #114 (cluster 0)
  [115/120] entry #115 (cluster 0)
  [116/120] entry #116 (cluster 0)
  [117/120] entry #117 (cluster 0)
  [118/120] entry #118 (cluster 0)
  [119/120] entry #119 (cluster 0)
  [120/120] entry #120 (cluster 0)

  Base entries seeded: 120

[1mGenerating 3 paraphrases per entry...[0m
  [para    1] entry #121 (cluster 1)
  [para    2] entry #122 (cluster 1)
  [para    3] entry #123 (cluster 1)
  [para    4] entry #124 (cluster 1)
  [para    5] entry #125 (cluster 1)
  [para    6] entry #126 (cluster 1)
  [para    7] entry #127 (cluster 1)
  [para    8] entry #128 (cluster 1)
  [para    9] entry #129 (cluster 1)
  [para   10] entry #130 (cluster 1)
  [para   11] entry #131 (cluster 1)
  [para   12] entry #132 (cluster 1)
  [para   13] entry #133 (cluster 1)
  [para   14] entry #134 (cluster 1)
  [para   15] entry #135 (cluster 1)
  [para   16] entry #136 (cluster 1)
  [para   17] entry #137 (cluster 1)
  [para   18] entry #138 (cluster 1)
  [para   19] entry #139 (cluster 1)
  [para   20] entry #140 (cluster 1)
  [para   21] entry #141 (cluster 1)
  [para   22] entry #142 (cluster 1)
  [para   23] entry #143 (cluster 1)
  [para   24] entry #144 (cluster 1)
  [para   25] entry #145 (cluster 1)
  [para   26] entry #146 (cluster 1)
  [para   27] entry #147 (cluster 1)
  [para   28] entry #148 (cluster 1)
  [para   29] entry #149 (cluster 1)
  [para   30] entry #150 (cluster 1)
  [para   31] entry #151 (cluster 2)
  [para   32] entry #152 (cluster 2)
  [para   33] entry #153 (cluster 2)
  [para   34] entry #154 (cluster 2)
  [para   35] entry #155 (cluster 2)
  [para   36] entry #156 (cluster 2)
  [para   37] entry #157 (cluster 2)
  [para   38] entry #158 (cluster 2)
  [para   39] entry #159 (cluster 2)
  [para   40] entry #160 (cluster 2)
  [para   41] entry #161 (cluster 2)
  [para   42] entry #162 (cluster 2)
  [para   43] entry #163 (cluster 2)
  [para   44] entry #164 (cluster 2)
  [para   45] entry #165 (cluster 2)
  [para   46] entry #166 (cluster 2)
